<?xml version="1.0" encoding="UTF-8"?>
<testng-results skipped="0" failed="0" total="1" passed="1">
  <reporter-output>
  </reporter-output>
  <suite name="Suite" duration-ms="18864" started-at="2016-10-15T11:22:08Z" finished-at="2016-10-15T11:22:27Z">
    <groups>
    </groups>
    <test name="Test" duration-ms="18864" started-at="2016-10-15T11:22:08Z" finished-at="2016-10-15T11:22:27Z">
      <class name="Sulekha_TestScript.SearchTest">
        <test-method status="PASS" signature="SerchTest(org.testng.xml.XmlTest)[pri:0, instance:Sulekha_TestScript.SearchTest@cc285f4]" name="SerchTest" duration-ms="18834" started-at="2016-10-15T16:52:08Z" finished-at="2016-10-15T16:52:27Z">
          <params>
            <param index="0">
              <value>
                <![CDATA[[Test: "Test" verbose:1[parameters:][metagroups:] [included: ][excluded: ]  classes:[XmlClass class=Sulekha_TestScript.SearchTest]  packages:] ]]>
              </value>
            </param>
          </params>
          <reporter-output>
          </reporter-output>
        </test-method> <!-- SerchTest -->
      </class> <!-- Sulekha_TestScript.SearchTest -->
    </test> <!-- Test -->
  </suite> <!-- Suite -->
</testng-results>
