<?xml version="1.0" encoding="UTF-8"?>
<!-- Generated by org.testng.reporters.JUnitXMLReporter -->
<testsuite hostname="admin-PC" name="Test" tests="1" failures="1" timestamp="15 Oct 2016 06:53:36 GMT" time="23.935" errors="0">
  <testcase name="gmailBrowserTest" time="23.902" classname="com.andriod.inboxtest.GmailWebTest">
    <failure type="java.lang.NullPointerException">
      <![CDATA[java.lang.NullPointerException
	at org.openqa.selenium.support.pagefactory.DefaultElementLocator.findElement(DefaultElementLocator.java:69)
	at org.openqa.selenium.support.pagefactory.internal.LocatingElementHandler.invoke(LocatingElementHandler.java:38)
	at com.sun.proxy.$Proxy5.sendKeys(Unknown Source)
	at com.andriod.pomrepository.GmailWeb.login(GmailWeb.java:33)
	at com.andriod.inboxtest.GmailWebTest.gmailBrowserTest(GmailWebTest.java:37)
... Removed 25 stack frames]]>
    </failure>
  </testcase> <!-- gmailBrowserTest -->
</testsuite> <!-- Test -->
